mode: set
github.com/brendanjerwin/simple_wiki/server/api_handlers.go:19.49,20.38 1 1
github.com/brendanjerwin/simple_wiki/server/api_handlers.go:20.38,23.3 2 1
github.com/brendanjerwin/simple_wiki/server/api_handlers.go:25.2,31.48 3 1
github.com/brendanjerwin/simple_wiki/server/api_handlers.go:31.48,34.3 2 1
github.com/brendanjerwin/simple_wiki/server/api_handlers.go:36.2,37.16 2 0
github.com/brendanjerwin/simple_wiki/server/api_handlers.go:37.16,40.3 2 0
github.com/brendanjerwin/simple_wiki/server/api_handlers.go:42.2,42.76 1 0
github.com/brendanjerwin/simple_wiki/server/api_handlers.go:46.45,53.53 3 1
github.com/brendanjerwin/simple_wiki/server/api_handlers.go:53.53,55.3 1 1
github.com/brendanjerwin/simple_wiki/server/api_handlers.go:59.51,66.53 3 1
github.com/brendanjerwin/simple_wiki/server/api_handlers.go:66.53,68.3 1 1
github.com/brendanjerwin/simple_wiki/server/api_handlers.go:72.57,78.53 3 1
github.com/brendanjerwin/simple_wiki/server/api_handlers.go:78.53,80.3 1 1
github.com/brendanjerwin/simple_wiki/server/api_handlers.go:83.96,84.38 1 1
github.com/brendanjerwin/simple_wiki/server/api_handlers.go:84.38,87.3 2 1
github.com/brendanjerwin/simple_wiki/server/api_handlers.go:89.2,89.47 1 1
github.com/brendanjerwin/simple_wiki/server/api_handlers.go:89.47,92.3 2 1
github.com/brendanjerwin/simple_wiki/server/api_handlers.go:94.2,96.63 3 1
github.com/brendanjerwin/simple_wiki/server/api_handlers.go:99.67,101.27 2 1
github.com/brendanjerwin/simple_wiki/server/api_handlers.go:101.27,106.3 1 1
github.com/brendanjerwin/simple_wiki/server/api_handlers.go:107.2,107.16 1 1
github.com/brendanjerwin/simple_wiki/server/api_handlers.go:111.45,112.32 1 1
github.com/brendanjerwin/simple_wiki/server/api_handlers.go:112.32,115.3 2 1
github.com/brendanjerwin/simple_wiki/server/api_handlers.go:117.2,122.48 3 1
github.com/brendanjerwin/simple_wiki/server/api_handlers.go:122.48,125.3 2 0
github.com/brendanjerwin/simple_wiki/server/api_handlers.go:127.2,128.16 2 1
github.com/brendanjerwin/simple_wiki/server/api_handlers.go:128.16,131.3 2 1
github.com/brendanjerwin/simple_wiki/server/api_handlers.go:133.2,133.67 1 1
github.com/brendanjerwin/simple_wiki/server/handlers.go:69.9,72.22 2 1
github.com/brendanjerwin/simple_wiki/server/handlers.go:72.22,75.21 3 0
github.com/brendanjerwin/simple_wiki/server/handlers.go:75.21,77.18 2 0
github.com/brendanjerwin/simple_wiki/server/handlers.go:79.3,79.67 1 0
github.com/brendanjerwin/simple_wiki/server/handlers.go:82.2,97.16 3 1
github.com/brendanjerwin/simple_wiki/server/handlers.go:97.16,99.21 2 0
github.com/brendanjerwin/simple_wiki/server/handlers.go:101.2,101.13 1 1
github.com/brendanjerwin/simple_wiki/server/handlers.go:105.40,106.21 1 1
github.com/brendanjerwin/simple_wiki/server/handlers.go:106.21,108.3 1 0
github.com/brendanjerwin/simple_wiki/server/handlers.go:110.2,110.31 1 1
github.com/brendanjerwin/simple_wiki/server/handlers.go:110.31,112.3 1 1
github.com/brendanjerwin/simple_wiki/server/handlers.go:114.2,114.26 1 1
github.com/brendanjerwin/simple_wiki/server/handlers.go:114.26,116.3 1 0
github.com/brendanjerwin/simple_wiki/server/handlers.go:116.8,118.3 1 1
github.com/brendanjerwin/simple_wiki/server/handlers.go:120.2,125.26 3 1
github.com/brendanjerwin/simple_wiki/server/handlers.go:125.26,127.3 1 0
github.com/brendanjerwin/simple_wiki/server/handlers.go:127.8,129.3 1 1
github.com/brendanjerwin/simple_wiki/server/handlers.go:131.2,132.24 2 1
github.com/brendanjerwin/simple_wiki/server/handlers.go:132.24,136.43 1 0
github.com/brendanjerwin/simple_wiki/server/handlers.go:136.43,139.17 2 0
github.com/brendanjerwin/simple_wiki/server/handlers.go:140.47,141.18 1 0
github.com/brendanjerwin/simple_wiki/server/handlers.go:142.13,143.17 1 0
github.com/brendanjerwin/simple_wiki/server/handlers.go:147.3,147.29 1 0
github.com/brendanjerwin/simple_wiki/server/handlers.go:150.2,150.39 1 1
github.com/brendanjerwin/simple_wiki/server/handlers.go:150.39,152.3 1 0
github.com/brendanjerwin/simple_wiki/server/handlers.go:154.2,156.44 2 1
github.com/brendanjerwin/simple_wiki/server/handlers.go:156.44,159.3 2 1
github.com/brendanjerwin/simple_wiki/server/handlers.go:160.2,170.15 11 1
github.com/brendanjerwin/simple_wiki/server/handlers.go:173.52,179.16 3 1
github.com/brendanjerwin/simple_wiki/server/handlers.go:179.16,180.13 1 0
github.com/brendanjerwin/simple_wiki/server/handlers.go:183.2,185.10 2 1
github.com/brendanjerwin/simple_wiki/server/handlers.go:188.79,193.2 2 1
github.com/brendanjerwin/simple_wiki/server/handlers.go:195.53,201.16 4 1
github.com/brendanjerwin/simple_wiki/server/handlers.go:201.16,205.3 3 1
github.com/brendanjerwin/simple_wiki/server/handlers.go:206.2,206.25 1 1
github.com/brendanjerwin/simple_wiki/server/handlers.go:206.25,209.3 2 1
github.com/brendanjerwin/simple_wiki/server/handlers.go:210.2,213.16 4 1
github.com/brendanjerwin/simple_wiki/server/handlers.go:213.16,215.3 1 1
github.com/brendanjerwin/simple_wiki/server/handlers.go:216.2,218.15 3 1
github.com/brendanjerwin/simple_wiki/server/handlers.go:218.15,221.3 2 1
github.com/brendanjerwin/simple_wiki/server/handlers.go:222.2,228.4 1 1
github.com/brendanjerwin/simple_wiki/server/handlers.go:231.81,236.14 2 1
github.com/brendanjerwin/simple_wiki/server/handlers.go:236.14,237.35 1 1
github.com/brendanjerwin/simple_wiki/server/handlers.go:237.35,239.4 1 1
github.com/brendanjerwin/simple_wiki/server/handlers.go:241.2,241.27 1 1
github.com/brendanjerwin/simple_wiki/server/handlers.go:241.27,246.41 3 1
github.com/brendanjerwin/simple_wiki/server/handlers.go:246.41,247.67 1 0
github.com/brendanjerwin/simple_wiki/server/handlers.go:249.3,251.35 2 1
github.com/brendanjerwin/simple_wiki/server/handlers.go:251.35,253.4 1 0
github.com/brendanjerwin/simple_wiki/server/handlers.go:254.3,255.40 2 1
github.com/brendanjerwin/simple_wiki/server/handlers.go:255.40,257.4 1 1
github.com/brendanjerwin/simple_wiki/server/handlers.go:259.2,259.12 1 1
github.com/brendanjerwin/simple_wiki/server/handlers.go:262.50,266.14 3 0
github.com/brendanjerwin/simple_wiki/server/handlers.go:267.21,269.9 2 0
github.com/brendanjerwin/simple_wiki/server/handlers.go:270.16,272.9 2 0
github.com/brendanjerwin/simple_wiki/server/handlers.go:273.19,275.9 2 0
github.com/brendanjerwin/simple_wiki/server/handlers.go:276.10,276.10 0 0
github.com/brendanjerwin/simple_wiki/server/handlers.go:280.2,280.22 1 0
github.com/brendanjerwin/simple_wiki/server/handlers.go:280.22,283.3 2 0
github.com/brendanjerwin/simple_wiki/server/handlers.go:285.2,288.40 2 0
github.com/brendanjerwin/simple_wiki/server/handlers.go:288.40,291.3 2 0
github.com/brendanjerwin/simple_wiki/server/handlers.go:293.2,298.50 3 0
github.com/brendanjerwin/simple_wiki/server/handlers.go:298.50,301.3 2 0
github.com/brendanjerwin/simple_wiki/server/handlers.go:303.2,303.25 1 0
github.com/brendanjerwin/simple_wiki/server/handlers.go:303.25,304.16 1 0
github.com/brendanjerwin/simple_wiki/server/handlers.go:304.16,307.4 2 0
github.com/brendanjerwin/simple_wiki/server/handlers.go:307.9,309.4 1 0
github.com/brendanjerwin/simple_wiki/server/handlers.go:310.3,310.9 1 0
github.com/brendanjerwin/simple_wiki/server/handlers.go:313.2,319.48 4 0
github.com/brendanjerwin/simple_wiki/server/handlers.go:319.48,321.3 1 0
github.com/brendanjerwin/simple_wiki/server/handlers.go:323.2,323.40 1 0
github.com/brendanjerwin/simple_wiki/server/handlers.go:323.40,325.3 1 0
github.com/brendanjerwin/simple_wiki/server/handlers.go:327.2,328.16 2 0
github.com/brendanjerwin/simple_wiki/server/handlers.go:328.16,331.3 2 0
github.com/brendanjerwin/simple_wiki/server/handlers.go:333.2,334.51 2 0
github.com/brendanjerwin/simple_wiki/server/handlers.go:337.91,343.41 4 0
github.com/brendanjerwin/simple_wiki/server/handlers.go:343.41,345.17 2 0
github.com/brendanjerwin/simple_wiki/server/handlers.go:345.17,348.4 2 0
github.com/brendanjerwin/simple_wiki/server/handlers.go:350.2,350.29 1 0
github.com/brendanjerwin/simple_wiki/server/handlers.go:353.89,355.18 2 0
github.com/brendanjerwin/simple_wiki/server/handlers.go:355.18,358.3 2 0
github.com/brendanjerwin/simple_wiki/server/handlers.go:359.2,359.25 1 0
github.com/brendanjerwin/simple_wiki/server/handlers.go:359.25,363.17 4 0
github.com/brendanjerwin/simple_wiki/server/handlers.go:363.17,365.4 1 0
github.com/brendanjerwin/simple_wiki/server/handlers.go:367.2,367.39 1 0
github.com/brendanjerwin/simple_wiki/server/handlers.go:370.130,371.26 1 0
github.com/brendanjerwin/simple_wiki/server/handlers.go:371.26,374.35 3 0
github.com/brendanjerwin/simple_wiki/server/handlers.go:374.35,376.4 1 0
github.com/brendanjerwin/simple_wiki/server/handlers.go:377.3,379.70 3 0
github.com/brendanjerwin/simple_wiki/server/handlers.go:381.2,381.56 1 0
github.com/brendanjerwin/simple_wiki/server/handlers.go:384.233,415.2 1 0
github.com/brendanjerwin/simple_wiki/server/handlers.go:417.93,422.14 5 1
github.com/brendanjerwin/simple_wiki/server/handlers.go:422.14,424.3 1 1
github.com/brendanjerwin/simple_wiki/server/handlers.go:424.8,425.46 1 1
github.com/brendanjerwin/simple_wiki/server/handlers.go:425.46,427.45 2 1
github.com/brendanjerwin/simple_wiki/server/handlers.go:427.45,429.5 1 1
github.com/brendanjerwin/simple_wiki/server/handlers.go:429.10,431.5 1 1
github.com/brendanjerwin/simple_wiki/server/handlers.go:434.2,435.39 2 1
github.com/brendanjerwin/simple_wiki/server/handlers.go:435.39,437.3 1 1
github.com/brendanjerwin/simple_wiki/server/handlers.go:438.2,440.37 3 1
github.com/brendanjerwin/simple_wiki/server/handlers.go:440.37,441.21 1 1
github.com/brendanjerwin/simple_wiki/server/handlers.go:441.21,442.12 1 1
github.com/brendanjerwin/simple_wiki/server/handlers.go:444.3,444.39 1 1
github.com/brendanjerwin/simple_wiki/server/handlers.go:444.39,445.12 1 1
github.com/brendanjerwin/simple_wiki/server/handlers.go:447.3,448.6 2 1
github.com/brendanjerwin/simple_wiki/server/handlers.go:450.2,450.39 1 1
github.com/brendanjerwin/simple_wiki/server/handlers.go:453.49,459.16 4 1
github.com/brendanjerwin/simple_wiki/server/handlers.go:459.16,463.3 3 1
github.com/brendanjerwin/simple_wiki/server/handlers.go:464.2,465.34 2 1
github.com/brendanjerwin/simple_wiki/server/handlers.go:465.34,467.3 1 1
github.com/brendanjerwin/simple_wiki/server/handlers.go:467.8,469.3 1 1
github.com/brendanjerwin/simple_wiki/server/handlers.go:472.49,481.16 4 1
github.com/brendanjerwin/simple_wiki/server/handlers.go:481.16,485.3 3 1
github.com/brendanjerwin/simple_wiki/server/handlers.go:486.2,486.49 1 1
github.com/brendanjerwin/simple_wiki/server/handlers.go:486.49,489.3 2 1
github.com/brendanjerwin/simple_wiki/server/handlers.go:490.2,490.25 1 1
github.com/brendanjerwin/simple_wiki/server/handlers.go:490.25,493.3 2 1
github.com/brendanjerwin/simple_wiki/server/handlers.go:494.2,501.34 5 1
github.com/brendanjerwin/simple_wiki/server/handlers.go:501.34,502.38 1 0
github.com/brendanjerwin/simple_wiki/server/handlers.go:502.38,504.4 1 0
github.com/brendanjerwin/simple_wiki/server/handlers.go:504.9,508.4 1 0
github.com/brendanjerwin/simple_wiki/server/handlers.go:509.8,509.72 1 1
github.com/brendanjerwin/simple_wiki/server/handlers.go:509.72,511.3 1 0
github.com/brendanjerwin/simple_wiki/server/handlers.go:511.8,517.3 5 1
github.com/brendanjerwin/simple_wiki/server/handlers.go:518.2,518.102 1 1
github.com/brendanjerwin/simple_wiki/server/handlers.go:521.43,528.30 3 0
github.com/brendanjerwin/simple_wiki/server/handlers.go:528.30,531.3 2 0
github.com/brendanjerwin/simple_wiki/server/handlers.go:532.2,533.40 2 0
github.com/brendanjerwin/simple_wiki/server/handlers.go:533.40,536.3 2 0
github.com/brendanjerwin/simple_wiki/server/handlers.go:538.2,548.45 2 0
github.com/brendanjerwin/simple_wiki/server/handlers.go:548.45,554.3 2 0
github.com/brendanjerwin/simple_wiki/server/handlers.go:555.2,555.35 1 0
github.com/brendanjerwin/simple_wiki/server/handlers.go:555.35,560.3 4 0
github.com/brendanjerwin/simple_wiki/server/handlers.go:560.8,562.18 2 0
github.com/brendanjerwin/simple_wiki/server/handlers.go:562.18,565.4 2 0
github.com/brendanjerwin/simple_wiki/server/handlers.go:566.3,567.36 2 0
github.com/brendanjerwin/simple_wiki/server/handlers.go:569.2,570.67 2 0
github.com/brendanjerwin/simple_wiki/server/handlers.go:573.45,574.20 1 0
github.com/brendanjerwin/simple_wiki/server/handlers.go:574.20,577.3 2 0
github.com/brendanjerwin/simple_wiki/server/handlers.go:579.2,580.16 2 0
github.com/brendanjerwin/simple_wiki/server/handlers.go:580.16,584.3 3 0
github.com/brendanjerwin/simple_wiki/server/handlers.go:585.2,585.15 1 0
github.com/brendanjerwin/simple_wiki/server/handlers.go:585.15,585.35 1 0
github.com/brendanjerwin/simple_wiki/server/handlers.go:587.2,588.44 2 0
github.com/brendanjerwin/simple_wiki/server/handlers.go:588.44,592.3 3 0
github.com/brendanjerwin/simple_wiki/server/handlers.go:594.2,598.16 3 0
github.com/brendanjerwin/simple_wiki/server/handlers.go:598.16,602.3 3 0
github.com/brendanjerwin/simple_wiki/server/handlers.go:604.2,606.16 3 0
github.com/brendanjerwin/simple_wiki/server/handlers.go:606.16,610.3 3 0
github.com/brendanjerwin/simple_wiki/server/handlers.go:612.2,612.87 1 0
github.com/brendanjerwin/simple_wiki/server/handlers.go:615.44,618.2 2 0
github.com/brendanjerwin/simple_wiki/server/handlers.go:620.61,623.34 3 0
github.com/brendanjerwin/simple_wiki/server/handlers.go:623.34,625.3 1 0
github.com/brendanjerwin/simple_wiki/server/handlers.go:625.8,628.23 3 0
github.com/brendanjerwin/simple_wiki/server/handlers.go:628.23,631.4 2 0
github.com/brendanjerwin/simple_wiki/server/handlers.go:633.2,633.60 1 0
github.com/brendanjerwin/simple_wiki/server/handlers.go:636.62,637.68 1 0
github.com/brendanjerwin/simple_wiki/server/handlers.go:637.68,639.45 2 0
github.com/brendanjerwin/simple_wiki/server/handlers.go:639.45,641.4 1 0
github.com/brendanjerwin/simple_wiki/server/handlers.go:642.3,649.9 4 0
github.com/brendanjerwin/simple_wiki/server/handlers.go:651.2,651.20 1 0
github.com/brendanjerwin/simple_wiki/server/handlers.go:651.20,654.3 2 0
github.com/brendanjerwin/simple_wiki/server/handlers.go:657.93,658.77 1 0
github.com/brendanjerwin/simple_wiki/server/handlers.go:658.77,667.3 8 0
github.com/brendanjerwin/simple_wiki/server/handlers.go:668.2,668.14 1 0
github.com/brendanjerwin/simple_wiki/server/handlers.go:671.78,672.48 1 0
github.com/brendanjerwin/simple_wiki/server/handlers.go:672.48,675.3 2 0
github.com/brendanjerwin/simple_wiki/server/handlers.go:676.2,676.14 1 0
github.com/brendanjerwin/simple_wiki/server/handlers.go:679.50,687.2 6 0
github.com/brendanjerwin/simple_wiki/server/handlers.go:692.85,694.2 1 1
github.com/brendanjerwin/simple_wiki/server/handlers.go:697.103,699.2 1 1
github.com/brendanjerwin/simple_wiki/server/handlers.go:702.89,704.2 1 1
github.com/brendanjerwin/simple_wiki/server/page.go:38.40,40.2 1 1
github.com/brendanjerwin/simple_wiki/server/page.go:43.40,45.2 1 1
github.com/brendanjerwin/simple_wiki/server/page.go:47.73,53.16 5 1
github.com/brendanjerwin/simple_wiki/server/page.go:53.16,56.64 1 1
github.com/brendanjerwin/simple_wiki/server/page.go:56.64,60.22 3 0
github.com/brendanjerwin/simple_wiki/server/page.go:60.22,62.5 1 0
github.com/brendanjerwin/simple_wiki/server/page.go:63.4,64.22 2 0
github.com/brendanjerwin/simple_wiki/server/page.go:64.22,66.5 1 0
github.com/brendanjerwin/simple_wiki/server/page.go:68.4,69.75 2 0
github.com/brendanjerwin/simple_wiki/server/page.go:73.2,73.16 1 1
github.com/brendanjerwin/simple_wiki/server/page.go:73.16,74.49 1 1
github.com/brendanjerwin/simple_wiki/server/page.go:74.49,77.4 1 0
github.com/brendanjerwin/simple_wiki/server/page.go:79.3,79.94 1 1
github.com/brendanjerwin/simple_wiki/server/page.go:82.2,82.15 1 1
github.com/brendanjerwin/simple_wiki/server/page.go:82.15,84.3 1 1
github.com/brendanjerwin/simple_wiki/server/page.go:86.2,86.39 1 1
github.com/brendanjerwin/simple_wiki/server/page.go:90.38,93.2 2 1
github.com/brendanjerwin/simple_wiki/server/page.go:96.45,104.2 3 1
github.com/brendanjerwin/simple_wiki/server/page.go:106.194,111.16 4 1
github.com/brendanjerwin/simple_wiki/server/page.go:111.16,113.3 1 0
github.com/brendanjerwin/simple_wiki/server/page.go:114.2,117.16 3 1
github.com/brendanjerwin/simple_wiki/server/page.go:117.16,119.3 1 0
github.com/brendanjerwin/simple_wiki/server/page.go:121.2,122.16 2 1
github.com/brendanjerwin/simple_wiki/server/page.go:122.16,124.3 1 0
github.com/brendanjerwin/simple_wiki/server/page.go:126.2,126.26 1 1
github.com/brendanjerwin/simple_wiki/server/page.go:130.25,133.16 3 1
github.com/brendanjerwin/simple_wiki/server/page.go:133.16,136.3 2 0
github.com/brendanjerwin/simple_wiki/server/page.go:140.29,144.16 4 1
github.com/brendanjerwin/simple_wiki/server/page.go:144.16,146.3 1 0
github.com/brendanjerwin/simple_wiki/server/page.go:148.2,149.16 2 1
github.com/brendanjerwin/simple_wiki/server/page.go:149.16,151.3 1 0
github.com/brendanjerwin/simple_wiki/server/page.go:154.2,155.16 2 1
github.com/brendanjerwin/simple_wiki/server/page.go:155.16,157.3 1 0
github.com/brendanjerwin/simple_wiki/server/page.go:159.2,161.12 2 1
github.com/brendanjerwin/simple_wiki/server/page.go:165.29,167.2 1 1
github.com/brendanjerwin/simple_wiki/server/page.go:170.30,174.16 4 1
github.com/brendanjerwin/simple_wiki/server/page.go:174.16,176.3 1 0
github.com/brendanjerwin/simple_wiki/server/page.go:177.2,177.113 1 1
github.com/brendanjerwin/simple_wiki/server/site.go:60.37,61.29 1 1
github.com/brendanjerwin/simple_wiki/server/site.go:61.29,63.3 1 1
github.com/brendanjerwin/simple_wiki/server/site.go:64.2,64.44 1 1
github.com/brendanjerwin/simple_wiki/server/site.go:67.62,69.16 2 1
github.com/brendanjerwin/simple_wiki/server/site.go:69.16,71.3 1 1
github.com/brendanjerwin/simple_wiki/server/site.go:72.2,72.15 1 1
github.com/brendanjerwin/simple_wiki/server/site.go:72.15,72.35 1 1
github.com/brendanjerwin/simple_wiki/server/site.go:75.2,77.33 3 1
github.com/brendanjerwin/simple_wiki/server/site.go:77.33,79.3 1 0
github.com/brendanjerwin/simple_wiki/server/site.go:83.2,84.28 2 1
github.com/brendanjerwin/simple_wiki/server/site.go:88.43,91.16 3 1
github.com/brendanjerwin/simple_wiki/server/site.go:91.16,93.3 1 0
github.com/brendanjerwin/simple_wiki/server/site.go:94.2,101.29 6 1
github.com/brendanjerwin/simple_wiki/server/site.go:101.29,102.71 1 1
github.com/brendanjerwin/simple_wiki/server/site.go:102.71,104.4 1 1
github.com/brendanjerwin/simple_wiki/server/site.go:107.2,109.12 2 1
github.com/brendanjerwin/simple_wiki/server/site.go:114.91,118.16 3 1
github.com/brendanjerwin/simple_wiki/server/site.go:118.16,120.3 1 1
github.com/brendanjerwin/simple_wiki/server/site.go:123.2,124.16 2 1
github.com/brendanjerwin/simple_wiki/server/site.go:124.16,126.3 1 1
github.com/brendanjerwin/simple_wiki/server/site.go:128.2,128.35 1 1
github.com/brendanjerwin/simple_wiki/server/site.go:132.59,141.16 7 1
github.com/brendanjerwin/simple_wiki/server/site.go:141.16,145.58 1 1
github.com/brendanjerwin/simple_wiki/server/site.go:145.58,147.4 1 0
github.com/brendanjerwin/simple_wiki/server/site.go:147.9,149.4 1 1
github.com/brendanjerwin/simple_wiki/server/site.go:150.3,150.11 1 1
github.com/brendanjerwin/simple_wiki/server/site.go:153.2,153.25 1 1
github.com/brendanjerwin/simple_wiki/server/site.go:153.25,156.3 2 0
github.com/brendanjerwin/simple_wiki/server/site.go:159.2,160.16 2 1
github.com/brendanjerwin/simple_wiki/server/site.go:160.16,162.3 1 1
github.com/brendanjerwin/simple_wiki/server/site.go:164.2,167.10 4 1
github.com/brendanjerwin/simple_wiki/server/site.go:171.84,173.15 2 1
github.com/brendanjerwin/simple_wiki/server/site.go:173.15,177.33 4 1
github.com/brendanjerwin/simple_wiki/server/site.go:177.33,178.21 1 0
github.com/brendanjerwin/simple_wiki/server/site.go:178.21,180.5 1 0
github.com/brendanjerwin/simple_wiki/server/site.go:180.10,180.29 1 0
github.com/brendanjerwin/simple_wiki/server/site.go:180.29,182.5 1 0
github.com/brendanjerwin/simple_wiki/server/site.go:185.3,185.25 1 1
github.com/brendanjerwin/simple_wiki/server/site.go:185.25,194.4 1 0
github.com/brendanjerwin/simple_wiki/server/site.go:196.3,196.24 1 1
github.com/brendanjerwin/simple_wiki/server/site.go:196.24,198.4 1 1
github.com/brendanjerwin/simple_wiki/server/site.go:200.3,202.25 2 1
github.com/brendanjerwin/simple_wiki/server/site.go:202.25,211.4 1 0
github.com/brendanjerwin/simple_wiki/server/site.go:213.3,215.15 3 1
github.com/brendanjerwin/simple_wiki/server/site.go:217.2,218.10 2 1
github.com/brendanjerwin/simple_wiki/server/site.go:230.47,232.2 1 0
github.com/brendanjerwin/simple_wiki/server/site.go:235.39,237.2 1 1
github.com/brendanjerwin/simple_wiki/server/site.go:240.38,242.2 1 0
github.com/brendanjerwin/simple_wiki/server/site.go:245.42,247.2 1 0
github.com/brendanjerwin/simple_wiki/server/site.go:250.45,252.2 1 1
github.com/brendanjerwin/simple_wiki/server/site.go:255.36,257.2 1 0
github.com/brendanjerwin/simple_wiki/server/site.go:260.33,262.2 1 0
github.com/brendanjerwin/simple_wiki/server/site.go:265.46,269.26 4 1
github.com/brendanjerwin/simple_wiki/server/site.go:269.26,270.43 1 1
github.com/brendanjerwin/simple_wiki/server/site.go:270.43,280.4 4 1
github.com/brendanjerwin/simple_wiki/server/site.go:282.2,283.42 2 1
github.com/brendanjerwin/simple_wiki/server/site.go:283.42,283.102 1 1
github.com/brendanjerwin/simple_wiki/server/site.go:284.2,284.16 1 1
github.com/brendanjerwin/simple_wiki/server/site.go:293.52,295.16 2 0
github.com/brendanjerwin/simple_wiki/server/site.go:295.16,297.3 1 0
github.com/brendanjerwin/simple_wiki/server/site.go:298.2,299.23 2 0
github.com/brendanjerwin/simple_wiki/server/site.go:299.23,301.17 2 0
github.com/brendanjerwin/simple_wiki/server/site.go:301.17,303.4 1 0
github.com/brendanjerwin/simple_wiki/server/site.go:305.2,305.20 1 0
github.com/brendanjerwin/simple_wiki/server/site.go:310.76,311.62 1 1
github.com/brendanjerwin/simple_wiki/server/site.go:311.62,313.3 1 0
github.com/brendanjerwin/simple_wiki/server/site.go:314.2,314.50 1 1
github.com/brendanjerwin/simple_wiki/server/site.go:314.50,316.3 1 0
github.com/brendanjerwin/simple_wiki/server/site.go:317.2,317.45 1 1
github.com/brendanjerwin/simple_wiki/server/site.go:317.45,318.54 1 0
github.com/brendanjerwin/simple_wiki/server/site.go:318.54,320.4 1 0
github.com/brendanjerwin/simple_wiki/server/site.go:322.2,322.62 1 1
github.com/brendanjerwin/simple_wiki/server/site.go:322.62,324.3 1 0
github.com/brendanjerwin/simple_wiki/server/site.go:325.2,325.12 1 1
github.com/brendanjerwin/simple_wiki/server/site.go:328.99,330.16 2 1
github.com/brendanjerwin/simple_wiki/server/site.go:330.16,332.3 1 0
github.com/brendanjerwin/simple_wiki/server/site.go:335.2,335.34 1 1
github.com/brendanjerwin/simple_wiki/server/site.go:335.34,337.3 1 0
github.com/brendanjerwin/simple_wiki/server/site.go:339.2,340.17 2 1
github.com/brendanjerwin/simple_wiki/server/site.go:340.17,341.69 1 1
github.com/brendanjerwin/simple_wiki/server/site.go:341.69,343.4 1 0
github.com/brendanjerwin/simple_wiki/server/site.go:345.2,345.59 1 1
github.com/brendanjerwin/simple_wiki/server/site.go:345.59,347.3 1 0
github.com/brendanjerwin/simple_wiki/server/site.go:348.2,348.30 1 1
github.com/brendanjerwin/simple_wiki/server/site.go:352.100,357.39 3 1
github.com/brendanjerwin/simple_wiki/server/site.go:357.39,359.3 1 0
github.com/brendanjerwin/simple_wiki/server/site.go:361.2,362.16 2 1
github.com/brendanjerwin/simple_wiki/server/site.go:362.16,364.3 1 0
github.com/brendanjerwin/simple_wiki/server/site.go:367.2,367.26 1 1
github.com/brendanjerwin/simple_wiki/server/site.go:370.72,372.16 2 1
github.com/brendanjerwin/simple_wiki/server/site.go:372.16,378.44 2 1
github.com/brendanjerwin/simple_wiki/server/site.go:378.44,383.4 3 1
github.com/brendanjerwin/simple_wiki/server/site.go:385.2,385.18 1 1
github.com/brendanjerwin/simple_wiki/server/site.go:389.94,394.39 3 1
github.com/brendanjerwin/simple_wiki/server/site.go:394.39,396.3 1 0
github.com/brendanjerwin/simple_wiki/server/site.go:398.2,399.16 2 1
github.com/brendanjerwin/simple_wiki/server/site.go:399.16,401.3 1 0
github.com/brendanjerwin/simple_wiki/server/site.go:404.2,404.26 1 1
github.com/brendanjerwin/simple_wiki/server/site.go:408.123,410.16 2 1
github.com/brendanjerwin/simple_wiki/server/site.go:410.16,412.3 1 1
github.com/brendanjerwin/simple_wiki/server/site.go:414.2,416.16 3 1
github.com/brendanjerwin/simple_wiki/server/site.go:416.16,417.56 1 0
github.com/brendanjerwin/simple_wiki/server/site.go:417.56,419.4 1 0
github.com/brendanjerwin/simple_wiki/server/site.go:420.3,420.30 1 0
github.com/brendanjerwin/simple_wiki/server/site.go:423.2,423.19 1 1
github.com/brendanjerwin/simple_wiki/server/site.go:423.19,425.3 1 1
github.com/brendanjerwin/simple_wiki/server/site.go:427.2,427.32 1 1
github.com/brendanjerwin/simple_wiki/server/site.go:431.117,433.16 2 1
github.com/brendanjerwin/simple_wiki/server/site.go:433.16,435.3 1 1
github.com/brendanjerwin/simple_wiki/server/site.go:437.2,439.16 3 1
github.com/brendanjerwin/simple_wiki/server/site.go:439.16,440.56 1 0
github.com/brendanjerwin/simple_wiki/server/site.go:440.56,443.4 1 0
github.com/brendanjerwin/simple_wiki/server/site.go:444.3,444.29 1 0
github.com/brendanjerwin/simple_wiki/server/site.go:447.2,447.49 1 1
